<?xml version="1.0" encoding="UTF-8"?>
<!-- Generated by org.testng.reporters.JUnitReportReporter -->
<testsuite hostname="DESKTOP-6891DEK" failures="0" tests="3" name="dataDriven.dataProvideFromExcel" time="0.013" errors="0" timestamp="01 Mar 2023 12:40:18 GMT" skipped="0">
  <testcase classname="dataDriven.dataProvideFromExcel" name="testCaseData" time="0.003"/>
  <testcase classname="dataDriven.dataProvideFromExcel" name="testCaseData" time="0.008"/>
  <testcase classname="dataDriven.dataProvideFromExcel" name="testCaseData" time="0.002"/>
</testsuite> <!-- dataDriven.dataProvideFromExcel -->
