<?xml version="1.0" encoding="UTF-8"?>
<!-- Generated by org.testng.reporters.JUnitReportReporter -->
<testsuite hostname="DESKTOP-6891DEK" failures="0" tests="1" name="dataDriven.excel" time="0.869" errors="0" timestamp="01 Mar 2023 12:41:12 GMT" skipped="0">
  <testcase classname="dataDriven.excel" name="getExcel" time="0.869"/>
</testsuite> <!-- dataDriven.excel -->
