<?xml version="1.0" encoding="UTF-8"?>
<!-- Generated by org.testng.reporters.JUnitReportReporter -->
<testsuite hostname="DESKTOP-6891DEK" failures="0" tests="3" name="dataDriven.dataProvider" time="0.016" errors="0" timestamp="01 Mar 2023 12:40:48 GMT" skipped="0">
  <testcase classname="dataDriven.dataProvider" name="testCaseData" time="0.002"/>
  <testcase classname="dataDriven.dataProvider" name="testCaseData" time="0.010"/>
  <testcase classname="dataDriven.dataProvider" name="testCaseData" time="0.004"/>
</testsuite> <!-- dataDriven.dataProvider -->
